<?xml version="1.0" encoding="UTF-8"?>
<testng-results ignored="0" total="3" passed="3" failed="0" skipped="0">
  <reporter-output>
  </reporter-output>
  <suite started-at="2023-09-11T15:34:28 GMT-07:00" name="Default suite" finished-at="2023-09-11T15:34:51 GMT-07:00" duration-ms="22733">
    <groups>
    </groups>
    <test started-at="2023-09-11T15:34:28 GMT-07:00" name="Default test" finished-at="2023-09-11T15:34:51 GMT-07:00" duration-ms="22733">
      <class name="Demo3.DataProviderDemo">
        <test-method signature="method1(java.lang.String,java.lang.String)[pri:0, instance:Demo3.DataProviderDemo@3023df74]" started-at="2023-09-11T15:34:28 GMT-07:00" name="method1" data-provider="testData" finished-at="2023-09-11T15:34:34 GMT-07:00" duration-ms="6519" status="PASS">
          <params>
            <param index="0">
              <value>
                <![CDATA[testuser1]]>
              </value>
            </param>
            <param index="1">
              <value>
                <![CDATA[secure123]]>
              </value>
            </param>
          </params>
          <reporter-output>
          </reporter-output>
        </test-method> <!-- method1 -->
        <test-method signature="method1(java.lang.String,java.lang.String)[pri:0, instance:Demo3.DataProviderDemo@3023df74]" started-at="2023-09-11T15:34:34 GMT-07:00" name="method1" data-provider="testData" finished-at="2023-09-11T15:34:40 GMT-07:00" duration-ms="5824" status="PASS">
          <params>
            <param index="0">
              <value>
                <![CDATA[testuser2]]>
              </value>
            </param>
            <param index="1">
              <value>
                <![CDATA[secure345]]>
              </value>
            </param>
          </params>
          <reporter-output>
          </reporter-output>
        </test-method> <!-- method1 -->
        <test-method signature="method1(java.lang.String,java.lang.String)[pri:0, instance:Demo3.DataProviderDemo@3023df74]" started-at="2023-09-11T15:34:40 GMT-07:00" name="method1" data-provider="testData" finished-at="2023-09-11T15:34:51 GMT-07:00" duration-ms="10235" status="PASS">
          <params>
            <param index="0">
              <value>
                <![CDATA[testuser3]]>
              </value>
            </param>
            <param index="1">
              <value>
                <![CDATA[secure899]]>
              </value>
            </param>
          </params>
          <reporter-output>
          </reporter-output>
        </test-method> <!-- method1 -->
      </class> <!-- Demo3.DataProviderDemo -->
    </test> <!-- Default test -->
  </suite> <!-- Default suite -->
</testng-results>
